빌드 시작: 2020-11-13 오후 5:55:58
로깅의 세부 정보 표시가 Normal(으)로 설정되었습니다.     1>2 노드의 "C:\Users\Basilisk\Documents\Visual Studio 2019\Solutions\WinAPI3D\Workshop\Workshop.vcxproj" 프로젝트(Build 대상)입니다.
     1>InitializeBuildStatus:
         "AlwaysCreate"이(가) 지정되었기 때문에 "x64\Debug\Workshop.tlog\unsuccessfulbuild"을(를) 만들고 있습니다.
       ClCompile:
         C:\Program Files (x86)\Microsoft Visual Studio\2019\Professional\VC\Tools\MSVC\14.28.29333\bin\HostX86\x64\CL.exe /c /I../Engine/src/ /ZI /JMC /nologo /W3 /WX- /diagnostics:column /sdl /Od /Ot /D _DEBUG /D _WINDOWS /D _UNICODE /D UNICODE /Gm- /EHsc /RTC1 /MTd /GS /fp:fast /permissive- /Zc:wchar_t /Zc:forScope /Zc:inline /std:c++latest /Fo"x64\Debug\\" /Fd"x64\Debug\vc142.pdb" /Gd /TP /FC /errorReport:prompt Application.cpp
         Application.cpp
       Link:
         C:\Program Files (x86)\Microsoft Visual Studio\2019\Professional\VC\Tools\MSVC\14.28.29333\bin\HostX86\x64\link.exe /ERRORREPORT:PROMPT /OUT:"C:\Users\Basilisk\Documents\Visual Studio 2019\Solutions\WinAPI3D\x64\Debug\Workshop.exe" /INCREMENTAL /NOLOGO /LIBPATH:../Engine/library/DirectXTex/bin/debug/ kernel32.lib user32.lib gdi32.lib winspool.lib comdlg32.lib advapi32.lib shell32.lib ole32.lib oleaut32.lib uuid.lib odbc32.lib odbccp32.lib /MANIFEST /MANIFESTUAC:"level='asInvoker' uiAccess='false'" /manifest:embed /DEBUG:FASTLINK /PDB:"C:\Users\Basilisk\Documents\Visual Studio 2019\Solutions\WinAPI3D\x64\Debug\Workshop.pdb" /SUBSYSTEM:WINDOWS /TLBID:1 /DYNAMICBASE /NXCOMPAT /IMPLIB:"C:\Users\Basilisk\Documents\Visual Studio 2019\Solutions\WinAPI3D\x64\Debug\Workshop.lib" /MACHINE:X64 x64\Debug\Application.obj
         x64\Debug\WinMain.obj
         "C:\Users\Basilisk\Documents\Visual Studio 2019\Solutions\WinAPI3D\Output\Engine.lib"
         Workshop.vcxproj -> C:\Users\Basilisk\Documents\Visual Studio 2019\Solutions\WinAPI3D\x64\Debug\Workshop.exe
       FinalizeBuildStatus:
         "x64\Debug\Workshop.tlog\unsuccessfulbuild" 파일을 삭제하고 있습니다.
         "x64\Debug\Workshop.tlog\Workshop.lastbuildstate"에 연결(touching)하고 있습니다.
     1>"C:\Users\Basilisk\Documents\Visual Studio 2019\Solutions\WinAPI3D\Workshop\Workshop.vcxproj" 프로젝트를 빌드했습니다(Build 대상).

빌드했습니다.
    경고 0개
    오류 0개

경과 시간: 00:00:00.93
